{"@timestamp":"2026-07-06T19:17:50.2491116-05:00","@version":"1","message":"HV000001: Hibernate Validator 8.0.1.Final","logger_name":"org.hibernate.validator.internal.util.Version","thread_name":"background-preinit","level":"INFO","level_value":20000}
{"@timestamp":"2026-07-06T19:17:50.402439-05:00","@version":"1","message":"Starting BombermanApplication using Java 21.0.9 with PID 22496 (C:\\Users\\juane\\Documents\\ARSW\\bomberman_backend_project\\target\\classes started by juane in C:\\Users\\juane\\Documents\\ARSW\\bomberman_backend_project)","logger_name":"com.arsw.bomberman.BombermanApplication","thread_name":"main","level":"INFO","level_value":20000}
{"@timestamp":"2026-07-06T19:17:50.4109262-05:00","@version":"1","message":"The following 1 profile is active: \"local\"","logger_name":"com.arsw.bomberman.BombermanApplication","thread_name":"main","level":"INFO","level_value":20000}
{"@timestamp":"2026-07-06T19:17:52.4703491-05:00","@version":"1","message":"Bootstrapping Spring Data JPA repositories in DEFAULT mode.","logger_name":"org.springframework.data.repository.config.RepositoryConfigurationDelegate","thread_name":"main","level":"INFO","level_value":20000}
{"@timestamp":"2026-07-06T19:17:52.5699564-05:00","@version":"1","message":"Finished Spring Data repository scanning in 84 ms. Found 1 JPA repository interface.","logger_name":"org.springframework.data.repository.config.RepositoryConfigurationDelegate","thread_name":"main","level":"INFO","level_value":20000}
{"@timestamp":"2026-07-06T19:17:53.6836296-05:00","@version":"1","message":"Tomcat initialized with port 4000 (http)","logger_name":"org.springframework.boot.web.embedded.tomcat.TomcatWebServer","thread_name":"main","level":"INFO","level_value":20000}
{"@timestamp":"2026-07-06T19:17:53.7034721-05:00","@version":"1","message":"Initializing ProtocolHandler [\"http-nio-4000\"]","logger_name":"org.apache.coyote.http11.Http11NioProtocol","thread_name":"main","level":"INFO","level_value":20000}
{"@timestamp":"2026-07-06T19:17:53.7107711-05:00","@version":"1","message":"Starting service [Tomcat]","logger_name":"org.apache.catalina.core.StandardService","thread_name":"main","level":"INFO","level_value":20000}
{"@timestamp":"2026-07-06T19:17:53.7107711-05:00","@version":"1","message":"Starting Servlet engine: [Apache Tomcat/10.1.26]","logger_name":"org.apache.catalina.core.StandardEngine","thread_name":"main","level":"INFO","level_value":20000}
{"@timestamp":"2026-07-06T19:17:53.9647308-05:00","@version":"1","message":"Initializing Spring embedded WebApplicationContext","logger_name":"org.apache.catalina.core.ContainerBase.[Tomcat].[localhost].[/]","thread_name":"main","level":"INFO","level_value":20000}
{"@timestamp":"2026-07-06T19:17:53.9672059-05:00","@version":"1","message":"Root WebApplicationContext: initialization completed in 3427 ms","logger_name":"org.springframework.boot.web.servlet.context.ServletWebServerApplicationContext","thread_name":"main","level":"INFO","level_value":20000}
{"@timestamp":"2026-07-06T19:17:54.2863342-05:00","@version":"1","message":"HHH000204: Processing PersistenceUnitInfo [name: default]","logger_name":"org.hibernate.jpa.internal.util.LogHelper","thread_name":"main","level":"INFO","level_value":20000}
{"@timestamp":"2026-07-06T19:17:54.4490269-05:00","@version":"1","message":"HHH000412: Hibernate ORM core version 6.5.2.Final","logger_name":"org.hibernate.Version","thread_name":"main","level":"INFO","level_value":20000}
{"@timestamp":"2026-07-06T19:17:54.5391987-05:00","@version":"1","message":"HHH000026: Second-level cache disabled","logger_name":"org.hibernate.cache.internal.RegionFactoryInitiator","thread_name":"main","level":"INFO","level_value":20000}
{"@timestamp":"2026-07-06T19:17:55.2145123-05:00","@version":"1","message":"No LoadTimeWeaver setup: ignoring JPA class transformer","logger_name":"org.springframework.orm.jpa.persistenceunit.SpringPersistenceUnitInfo","thread_name":"main","level":"INFO","level_value":20000}
{"@timestamp":"2026-07-06T19:17:55.2872826-05:00","@version":"1","message":"HikariPool-1 - Starting...","logger_name":"com.zaxxer.hikari.HikariDataSource","thread_name":"main","level":"INFO","level_value":20000}
{"@timestamp":"2026-07-06T19:17:55.9342029-05:00","@version":"1","message":"HikariPool-1 - Added connection org.postgresql.jdbc.PgConnection@3e28af44","logger_name":"com.zaxxer.hikari.pool.HikariPool","thread_name":"main","level":"INFO","level_value":20000}
{"@timestamp":"2026-07-06T19:17:55.9387771-05:00","@version":"1","message":"HikariPool-1 - Start completed.","logger_name":"com.zaxxer.hikari.HikariDataSource","thread_name":"main","level":"INFO","level_value":20000}
{"@timestamp":"2026-07-06T19:17:58.4206576-05:00","@version":"1","message":"HHH000489: No JTA platform available (set 'hibernate.transaction.jta.platform' to enable JTA platform integration)","logger_name":"org.hibernate.engine.transaction.jta.platform.internal.JtaPlatformInitiator","thread_name":"main","level":"INFO","level_value":20000}
{"@timestamp":"2026-07-06T19:17:58.6631977-05:00","@version":"1","message":"Initialized JPA EntityManagerFactory for persistence unit 'default'","logger_name":"org.springframework.orm.jpa.LocalContainerEntityManagerFactoryBean","thread_name":"main","level":"INFO","level_value":20000}
{"@timestamp":"2026-07-06T19:17:59.6219483-05:00","@version":"1","message":"Socket.IO deshabilitado (SOCKETIO_ENABLED=false)","logger_name":"com.arsw.bomberman.sockets.SocketGateway","thread_name":"main","level":"INFO","level_value":20000}
{"@timestamp":"2026-07-06T19:17:59.9582916-05:00","@version":"1","message":"spring.jpa.open-in-view is enabled by default. Therefore, database queries may be performed during view rendering. Explicitly configure spring.jpa.open-in-view to disable this warning","logger_name":"org.springframework.boot.autoconfigure.orm.jpa.JpaBaseConfiguration$JpaWebConfiguration","thread_name":"main","level":"WARN","level_value":30000}
{"@timestamp":"2026-07-06T19:18:00.0622427-05:00","@version":"1","message":"\r\n\r\nUsing generated security password: 2155f570-415a-4f8f-90c2-164992ad341d\r\n\r\nThis generated password is for development use only. Your security configuration must be updated before running your application in production.\r\n","logger_name":"org.springframework.boot.autoconfigure.security.servlet.UserDetailsServiceAutoConfiguration","thread_name":"main","level":"WARN","level_value":30000}
{"@timestamp":"2026-07-06T19:18:00.0937534-05:00","@version":"1","message":"Global AuthenticationManager configured with UserDetailsService bean with name inMemoryUserDetailsManager","logger_name":"org.springframework.security.config.annotation.authentication.configuration.InitializeUserDetailsBeanManagerConfigurer$InitializeUserDetailsManagerConfigurer","thread_name":"main","level":"INFO","level_value":20000}
{"@timestamp":"2026-07-06T19:18:01.1537919-05:00","@version":"1","message":"Starting ProtocolHandler [\"http-nio-4000\"]","logger_name":"org.apache.coyote.http11.Http11NioProtocol","thread_name":"main","level":"INFO","level_value":20000}
{"@timestamp":"2026-07-06T19:18:01.2276335-05:00","@version":"1","message":"Tomcat started on port 4000 (http) with context path '/'","logger_name":"org.springframework.boot.web.embedded.tomcat.TomcatWebServer","thread_name":"main","level":"INFO","level_value":20000}
{"@timestamp":"2026-07-06T19:18:01.2515073-05:00","@version":"1","message":"Started BombermanApplication in 12.835 seconds (process running for 13.625)","logger_name":"com.arsw.bomberman.BombermanApplication","thread_name":"main","level":"INFO","level_value":20000}
{"@timestamp":"2026-07-06T19:19:39.4826104-05:00","@version":"1","message":"HV000001: Hibernate Validator 8.0.1.Final","logger_name":"org.hibernate.validator.internal.util.Version","thread_name":"background-preinit","level":"INFO","level_value":20000}
{"@timestamp":"2026-07-06T19:19:39.5640419-05:00","@version":"1","message":"Starting BombermanApplication using Java 21.0.9 with PID 22800 (C:\\Users\\juane\\Documents\\ARSW\\bomberman_backend_project\\target\\classes started by juane in C:\\Users\\juane\\Documents\\ARSW\\bomberman_backend_project)","logger_name":"com.arsw.bomberman.BombermanApplication","thread_name":"main","level":"INFO","level_value":20000}
{"@timestamp":"2026-07-06T19:19:39.5640419-05:00","@version":"1","message":"The following 1 profile is active: \"local\"","logger_name":"com.arsw.bomberman.BombermanApplication","thread_name":"main","level":"INFO","level_value":20000}
{"@timestamp":"2026-07-06T19:19:41.2224729-05:00","@version":"1","message":"Bootstrapping Spring Data JPA repositories in DEFAULT mode.","logger_name":"org.springframework.data.repository.config.RepositoryConfigurationDelegate","thread_name":"main","level":"INFO","level_value":20000}
{"@timestamp":"2026-07-06T19:19:41.3705831-05:00","@version":"1","message":"Finished Spring Data repository scanning in 131 ms. Found 1 JPA repository interface.","logger_name":"org.springframework.data.repository.config.RepositoryConfigurationDelegate","thread_name":"main","level":"INFO","level_value":20000}
{"@timestamp":"2026-07-06T19:19:42.7236011-05:00","@version":"1","message":"Tomcat initialized with port 4000 (http)","logger_name":"org.springframework.boot.web.embedded.tomcat.TomcatWebServer","thread_name":"main","level":"INFO","level_value":20000}
{"@timestamp":"2026-07-06T19:19:42.7585696-05:00","@version":"1","message":"Initializing ProtocolHandler [\"http-nio-4000\"]","logger_name":"org.apache.coyote.http11.Http11NioProtocol","thread_name":"main","level":"INFO","level_value":20000}
{"@timestamp":"2026-07-06T19:19:42.7663333-05:00","@version":"1","message":"Starting service [Tomcat]","logger_name":"org.apache.catalina.core.StandardService","thread_name":"main","level":"INFO","level_value":20000}
{"@timestamp":"2026-07-06T19:19:42.7663333-05:00","@version":"1","message":"Starting Servlet engine: [Apache Tomcat/10.1.26]","logger_name":"org.apache.catalina.core.StandardEngine","thread_name":"main","level":"INFO","level_value":20000}
{"@timestamp":"2026-07-06T19:19:43.006652-05:00","@version":"1","message":"Initializing Spring embedded WebApplicationContext","logger_name":"org.apache.catalina.core.ContainerBase.[Tomcat].[localhost].[/]","thread_name":"main","level":"INFO","level_value":20000}
{"@timestamp":"2026-07-06T19:19:43.0087493-05:00","@version":"1","message":"Root WebApplicationContext: initialization completed in 3359 ms","logger_name":"org.springframework.boot.web.servlet.context.ServletWebServerApplicationContext","thread_name":"main","level":"INFO","level_value":20000}
{"@timestamp":"2026-07-06T19:19:43.5810673-05:00","@version":"1","message":"HHH000204: Processing PersistenceUnitInfo [name: default]","logger_name":"org.hibernate.jpa.internal.util.LogHelper","thread_name":"main","level":"INFO","level_value":20000}
{"@timestamp":"2026-07-06T19:19:43.9091132-05:00","@version":"1","message":"HHH000412: Hibernate ORM core version 6.5.2.Final","logger_name":"org.hibernate.Version","thread_name":"main","level":"INFO","level_value":20000}
{"@timestamp":"2026-07-06T19:19:44.0526575-05:00","@version":"1","message":"HHH000026: Second-level cache disabled","logger_name":"org.hibernate.cache.internal.RegionFactoryInitiator","thread_name":"main","level":"INFO","level_value":20000}
{"@timestamp":"2026-07-06T19:19:45.5476122-05:00","@version":"1","message":"No LoadTimeWeaver setup: ignoring JPA class transformer","logger_name":"org.springframework.orm.jpa.persistenceunit.SpringPersistenceUnitInfo","thread_name":"main","level":"INFO","level_value":20000}
{"@timestamp":"2026-07-06T19:19:45.7237095-05:00","@version":"1","message":"HikariPool-1 - Starting...","logger_name":"com.zaxxer.hikari.HikariDataSource","thread_name":"main","level":"INFO","level_value":20000}
{"@timestamp":"2026-07-06T19:19:46.4799928-05:00","@version":"1","message":"HikariPool-1 - Added connection org.postgresql.jdbc.PgConnection@42ffbab6","logger_name":"com.zaxxer.hikari.pool.HikariPool","thread_name":"main","level":"INFO","level_value":20000}
{"@timestamp":"2026-07-06T19:19:46.4808622-05:00","@version":"1","message":"HikariPool-1 - Start completed.","logger_name":"com.zaxxer.hikari.HikariDataSource","thread_name":"main","level":"INFO","level_value":20000}
{"@timestamp":"2026-07-06T19:19:50.1237375-05:00","@version":"1","message":"HHH000489: No JTA platform available (set 'hibernate.transaction.jta.platform' to enable JTA platform integration)","logger_name":"org.hibernate.engine.transaction.jta.platform.internal.JtaPlatformInitiator","thread_name":"main","level":"INFO","level_value":20000}
{"@timestamp":"2026-07-06T19:19:50.3790731-05:00","@version":"1","message":"Initialized JPA EntityManagerFactory for persistence unit 'default'","logger_name":"org.springframework.orm.jpa.LocalContainerEntityManagerFactoryBean","thread_name":"main","level":"INFO","level_value":20000}
{"@timestamp":"2026-07-06T19:19:51.764461-05:00","@version":"1","message":"Session store / pubsub factory used: MemoryStoreFactory (local session store only)","logger_name":"com.corundumstudio.socketio.SocketIOServer","thread_name":"main","level":"INFO","level_value":20000}
{"@timestamp":"2026-07-06T19:19:52.5380445-05:00","@version":"1","message":"SocketIO server started at port: 4001","logger_name":"com.corundumstudio.socketio.SocketIOServer","thread_name":"nioEventLoopGroup-2-1","level":"INFO","level_value":20000}
{"@timestamp":"2026-07-06T19:19:52.955253-05:00","@version":"1","message":"spring.jpa.open-in-view is enabled by default. Therefore, database queries may be performed during view rendering. Explicitly configure spring.jpa.open-in-view to disable this warning","logger_name":"org.springframework.boot.autoconfigure.orm.jpa.JpaBaseConfiguration$JpaWebConfiguration","thread_name":"main","level":"WARN","level_value":30000}
{"@timestamp":"2026-07-06T19:19:53.0746173-05:00","@version":"1","message":"\r\n\r\nUsing generated security password: 16ee944b-ba44-4e53-b656-fecac2051050\r\n\r\nThis generated password is for development use only. Your security configuration must be updated before running your application in production.\r\n","logger_name":"org.springframework.boot.autoconfigure.security.servlet.UserDetailsServiceAutoConfiguration","thread_name":"main","level":"WARN","level_value":30000}
{"@timestamp":"2026-07-06T19:19:53.1173273-05:00","@version":"1","message":"Global AuthenticationManager configured with UserDetailsService bean with name inMemoryUserDetailsManager","logger_name":"org.springframework.security.config.annotation.authentication.configuration.InitializeUserDetailsBeanManagerConfigurer$InitializeUserDetailsManagerConfigurer","thread_name":"main","level":"INFO","level_value":20000}
{"@timestamp":"2026-07-06T19:19:55.4637454-05:00","@version":"1","message":"Starting ProtocolHandler [\"http-nio-4000\"]","logger_name":"org.apache.coyote.http11.Http11NioProtocol","thread_name":"main","level":"INFO","level_value":20000}
{"@timestamp":"2026-07-06T19:19:55.5240275-05:00","@version":"1","message":"Exception encountered during context initialization - cancelling refresh attempt: org.springframework.context.ApplicationContextException: Failed to start bean 'webServerStartStop'","logger_name":"org.springframework.boot.web.servlet.context.AnnotationConfigServletWebServerApplicationContext","thread_name":"main","level":"WARN","level_value":30000}
{"@timestamp":"2026-07-06T19:19:59.681344-05:00","@version":"1","message":"SocketIO server stopped","logger_name":"com.corundumstudio.socketio.SocketIOServer","thread_name":"main","level":"INFO","level_value":20000}
{"@timestamp":"2026-07-06T19:19:59.681344-05:00","@version":"1","message":"Closing JPA EntityManagerFactory for persistence unit 'default'","logger_name":"org.springframework.orm.jpa.LocalContainerEntityManagerFactoryBean","thread_name":"main","level":"INFO","level_value":20000}
{"@timestamp":"2026-07-06T19:19:59.681344-05:00","@version":"1","message":"HikariPool-1 - Shutdown initiated...","logger_name":"com.zaxxer.hikari.HikariDataSource","thread_name":"main","level":"INFO","level_value":20000}
{"@timestamp":"2026-07-06T19:19:59.6918392-05:00","@version":"1","message":"HikariPool-1 - Shutdown completed.","logger_name":"com.zaxxer.hikari.HikariDataSource","thread_name":"main","level":"INFO","level_value":20000}
{"@timestamp":"2026-07-06T19:19:59.7479194-05:00","@version":"1","message":"\r\n\r\nError starting ApplicationContext. To display the condition evaluation report re-run your application with 'debug' enabled.","logger_name":"org.springframework.boot.autoconfigure.logging.ConditionEvaluationReportLogger","thread_name":"main","level":"INFO","level_value":20000}
{"@timestamp":"2026-07-06T19:19:59.7809696-05:00","@version":"1","message":"\r\n\r\n***************************\r\nAPPLICATION FAILED TO START\r\n***************************\r\n\r\nDescription:\r\n\r\nWeb server failed to start. Port 4000 was already in use.\r\n\r\nAction:\r\n\r\nIdentify and stop the process that's listening on port 4000 or configure this application to listen on another port.\r\n","logger_name":"org.springframework.boot.diagnostics.LoggingFailureAnalysisReporter","thread_name":"main","level":"ERROR","level_value":40000}
{"@timestamp":"2026-07-06T19:22:54.8008087-05:00","@version":"1","message":"HV000001: Hibernate Validator 8.0.1.Final","logger_name":"org.hibernate.validator.internal.util.Version","thread_name":"background-preinit","level":"INFO","level_value":20000}
{"@timestamp":"2026-07-06T19:22:54.8910211-05:00","@version":"1","message":"Starting BombermanApplication using Java 21.0.9 with PID 5108 (C:\\Users\\juane\\Documents\\ARSW\\bomberman_backend_project\\target\\classes started by juane in C:\\Users\\juane\\Documents\\ARSW\\bomberman_backend_project)","logger_name":"com.arsw.bomberman.BombermanApplication","thread_name":"main","level":"INFO","level_value":20000}
{"@timestamp":"2026-07-06T19:22:54.8910211-05:00","@version":"1","message":"The following 1 profile is active: \"local\"","logger_name":"com.arsw.bomberman.BombermanApplication","thread_name":"main","level":"INFO","level_value":20000}
{"@timestamp":"2026-07-06T19:22:56.3376044-05:00","@version":"1","message":"Bootstrapping Spring Data JPA repositories in DEFAULT mode.","logger_name":"org.springframework.data.repository.config.RepositoryConfigurationDelegate","thread_name":"main","level":"INFO","level_value":20000}
{"@timestamp":"2026-07-06T19:22:56.4368136-05:00","@version":"1","message":"Finished Spring Data repository scanning in 86 ms. Found 1 JPA repository interface.","logger_name":"org.springframework.data.repository.config.RepositoryConfigurationDelegate","thread_name":"main","level":"INFO","level_value":20000}
{"@timestamp":"2026-07-06T19:22:57.2854547-05:00","@version":"1","message":"Tomcat initialized with port 4002 (http)","logger_name":"org.springframework.boot.web.embedded.tomcat.TomcatWebServer","thread_name":"main","level":"INFO","level_value":20000}
{"@timestamp":"2026-07-06T19:22:57.3100499-05:00","@version":"1","message":"Initializing ProtocolHandler [\"http-nio-4002\"]","logger_name":"org.apache.coyote.http11.Http11NioProtocol","thread_name":"main","level":"INFO","level_value":20000}
{"@timestamp":"2026-07-06T19:22:57.3114643-05:00","@version":"1","message":"Starting service [Tomcat]","logger_name":"org.apache.catalina.core.StandardService","thread_name":"main","level":"INFO","level_value":20000}
{"@timestamp":"2026-07-06T19:22:57.3114643-05:00","@version":"1","message":"Starting Servlet engine: [Apache Tomcat/10.1.26]","logger_name":"org.apache.catalina.core.StandardEngine","thread_name":"main","level":"INFO","level_value":20000}
{"@timestamp":"2026-07-06T19:22:57.4624343-05:00","@version":"1","message":"Initializing Spring embedded WebApplicationContext","logger_name":"org.apache.catalina.core.ContainerBase.[Tomcat].[localhost].[/]","thread_name":"main","level":"INFO","level_value":20000}
{"@timestamp":"2026-07-06T19:22:57.4624343-05:00","@version":"1","message":"Root WebApplicationContext: initialization completed in 2497 ms","logger_name":"org.springframework.boot.web.servlet.context.ServletWebServerApplicationContext","thread_name":"main","level":"INFO","level_value":20000}
{"@timestamp":"2026-07-06T19:22:57.7042695-05:00","@version":"1","message":"HHH000204: Processing PersistenceUnitInfo [name: default]","logger_name":"org.hibernate.jpa.internal.util.LogHelper","thread_name":"main","level":"INFO","level_value":20000}
{"@timestamp":"2026-07-06T19:22:57.8197714-05:00","@version":"1","message":"HHH000412: Hibernate ORM core version 6.5.2.Final","logger_name":"org.hibernate.Version","thread_name":"main","level":"INFO","level_value":20000}
{"@timestamp":"2026-07-06T19:22:57.8814029-05:00","@version":"1","message":"HHH000026: Second-level cache disabled","logger_name":"org.hibernate.cache.internal.RegionFactoryInitiator","thread_name":"main","level":"INFO","level_value":20000}
{"@timestamp":"2026-07-06T19:22:58.4555052-05:00","@version":"1","message":"No LoadTimeWeaver setup: ignoring JPA class transformer","logger_name":"org.springframework.orm.jpa.persistenceunit.SpringPersistenceUnitInfo","thread_name":"main","level":"INFO","level_value":20000}
{"@timestamp":"2026-07-06T19:22:58.5035447-05:00","@version":"1","message":"HikariPool-1 - Starting...","logger_name":"com.zaxxer.hikari.HikariDataSource","thread_name":"main","level":"INFO","level_value":20000}
{"@timestamp":"2026-07-06T19:22:58.9037707-05:00","@version":"1","message":"HikariPool-1 - Added connection org.postgresql.jdbc.PgConnection@40013051","logger_name":"com.zaxxer.hikari.pool.HikariPool","thread_name":"main","level":"INFO","level_value":20000}
{"@timestamp":"2026-07-06T19:22:58.9037707-05:00","@version":"1","message":"HikariPool-1 - Start completed.","logger_name":"com.zaxxer.hikari.HikariDataSource","thread_name":"main","level":"INFO","level_value":20000}
{"@timestamp":"2026-07-06T19:23:00.5299899-05:00","@version":"1","message":"HHH000489: No JTA platform available (set 'hibernate.transaction.jta.platform' to enable JTA platform integration)","logger_name":"org.hibernate.engine.transaction.jta.platform.internal.JtaPlatformInitiator","thread_name":"main","level":"INFO","level_value":20000}
{"@timestamp":"2026-07-06T19:23:00.6632053-05:00","@version":"1","message":"Initialized JPA EntityManagerFactory for persistence unit 'default'","logger_name":"org.springframework.orm.jpa.LocalContainerEntityManagerFactoryBean","thread_name":"main","level":"INFO","level_value":20000}
{"@timestamp":"2026-07-06T19:23:01.2581237-05:00","@version":"1","message":"Session store / pubsub factory used: MemoryStoreFactory (local session store only)","logger_name":"com.corundumstudio.socketio.SocketIOServer","thread_name":"main","level":"INFO","level_value":20000}
{"@timestamp":"2026-07-06T19:23:01.6698294-05:00","@version":"1","message":"SocketIO server started at port: 4001","logger_name":"com.corundumstudio.socketio.SocketIOServer","thread_name":"nioEventLoopGroup-2-1","level":"INFO","level_value":20000}
{"@timestamp":"2026-07-06T19:23:01.920042-05:00","@version":"1","message":"spring.jpa.open-in-view is enabled by default. Therefore, database queries may be performed during view rendering. Explicitly configure spring.jpa.open-in-view to disable this warning","logger_name":"org.springframework.boot.autoconfigure.orm.jpa.JpaBaseConfiguration$JpaWebConfiguration","thread_name":"main","level":"WARN","level_value":30000}
{"@timestamp":"2026-07-06T19:23:02.0296614-05:00","@version":"1","message":"\r\n\r\nUsing generated security password: 4ed3fa62-3eef-4b58-97de-26b275989136\r\n\r\nThis generated password is for development use only. Your security configuration must be updated before running your application in production.\r\n","logger_name":"org.springframework.boot.autoconfigure.security.servlet.UserDetailsServiceAutoConfiguration","thread_name":"main","level":"WARN","level_value":30000}
{"@timestamp":"2026-07-06T19:23:02.0690539-05:00","@version":"1","message":"Global AuthenticationManager configured with UserDetailsService bean with name inMemoryUserDetailsManager","logger_name":"org.springframework.security.config.annotation.authentication.configuration.InitializeUserDetailsBeanManagerConfigurer$InitializeUserDetailsManagerConfigurer","thread_name":"main","level":"INFO","level_value":20000}
{"@timestamp":"2026-07-06T19:23:03.9131489-05:00","@version":"1","message":"Starting ProtocolHandler [\"http-nio-4002\"]","logger_name":"org.apache.coyote.http11.Http11NioProtocol","thread_name":"main","level":"INFO","level_value":20000}
{"@timestamp":"2026-07-06T19:23:03.9658635-05:00","@version":"1","message":"Tomcat started on port 4002 (http) with context path '/'","logger_name":"org.springframework.boot.web.embedded.tomcat.TomcatWebServer","thread_name":"main","level":"INFO","level_value":20000}
{"@timestamp":"2026-07-06T19:23:04.0077982-05:00","@version":"1","message":"Started BombermanApplication in 11.088 seconds (process running for 11.981)","logger_name":"com.arsw.bomberman.BombermanApplication","thread_name":"main","level":"INFO","level_value":20000}
{"@timestamp":"2026-07-06T19:25:51.2625727-05:00","@version":"1","message":"Initializing Spring DispatcherServlet 'dispatcherServlet'","logger_name":"org.apache.catalina.core.ContainerBase.[Tomcat].[localhost].[/]","thread_name":"http-nio-4000-exec-1","level":"INFO","level_value":20000}
{"@timestamp":"2026-07-06T19:25:51.3260115-05:00","@version":"1","message":"Initializing Servlet 'dispatcherServlet'","logger_name":"org.springframework.web.servlet.DispatcherServlet","thread_name":"http-nio-4000-exec-1","level":"INFO","level_value":20000}
{"@timestamp":"2026-07-06T19:25:51.5226507-05:00","@version":"1","message":"Completed initialization in 188 ms","logger_name":"org.springframework.web.servlet.DispatcherServlet","thread_name":"http-nio-4000-exec-1","level":"INFO","level_value":20000}
{"@timestamp":"2026-07-06T19:25:55.5609523-05:00","@version":"1","message":"Usuario registrado userId=1 username=JuanesP","logger_name":"domain-events","thread_name":"http-nio-4000-exec-2","level":"INFO","level_value":20000}
{"@timestamp":"2026-07-06T19:26:09.3653103-05:00","@version":"1","message":"Login exitoso userId=1 username=JuanesP","logger_name":"domain-events","thread_name":"http-nio-4000-exec-4","level":"INFO","level_value":20000}
{"@timestamp":"2026-07-06T19:26:13.4201784-05:00","@version":"1","message":"Cliente conectado userId=1 sessionId=27e447a6-7043-43d8-8a07-da2f740b7752","logger_name":"com.arsw.bomberman.sockets.SocketGateway","thread_name":"nioEventLoopGroup-3-2","level":"INFO","level_value":20000}
{"@timestamp":"2026-07-06T19:26:13.4201784-05:00","@version":"1","message":"Cliente conectado userId=1 sessionId=9d7a8697-94b9-4af9-ba1e-d5ca1169fb4d","logger_name":"com.arsw.bomberman.sockets.SocketGateway","thread_name":"nioEventLoopGroup-3-1","level":"INFO","level_value":20000}
{"@timestamp":"2026-07-06T19:26:13.4357073-05:00","@version":"1","message":"Cliente desconectado userId=1 sessionId=9d7a8697-94b9-4af9-ba1e-d5ca1169fb4d","logger_name":"com.arsw.bomberman.sockets.SocketGateway","thread_name":"nioEventLoopGroup-3-1","level":"INFO","level_value":20000}
{"@timestamp":"2026-07-06T19:26:21.7156686-05:00","@version":"1","message":"Sala creada roomId=room_1783383981702_293 name=Prueba capacitiy=4 createdBy=1","logger_name":"domain-events","thread_name":"nioEventLoopGroup-3-2","level":"INFO","level_value":20000}
{"@timestamp":"2026-07-06T19:26:24.1680923-05:00","@version":"1","message":"Jugador unido a sala roomId=room_1783383981702_293 userId=1 username=JuanesP players=1","logger_name":"domain-events","thread_name":"nioEventLoopGroup-3-2","level":"INFO","level_value":20000}
{"@timestamp":"2026-07-06T19:26:24.2337187-05:00","@version":"1","message":"game:start emitido roomId=room_1783383981702_293","logger_name":"com.arsw.bomberman.sockets.SocketGateway","thread_name":"nioEventLoopGroup-3-2","level":"INFO","level_value":20000}
{"@timestamp":"2026-07-06T19:26:24.3284587-05:00","@version":"1","message":"Cliente desconectado userId=1 sessionId=27e447a6-7043-43d8-8a07-da2f740b7752","logger_name":"com.arsw.bomberman.sockets.SocketGateway","thread_name":"nioEventLoopGroup-3-2","level":"INFO","level_value":20000}
{"@timestamp":"2026-07-06T19:26:25.0225635-05:00","@version":"1","message":"Cliente conectado userId=1 sessionId=0af4ab9e-a748-42d5-b90e-43f80c642b87","logger_name":"com.arsw.bomberman.sockets.SocketGateway","thread_name":"nioEventLoopGroup-3-3","level":"INFO","level_value":20000}
{"@timestamp":"2026-07-06T19:28:23.760124-05:00","@version":"1","message":"Cliente conectado userId=1 sessionId=e1b8322a-29c7-45c9-bd82-98fcbb4cd292","logger_name":"com.arsw.bomberman.sockets.SocketGateway","thread_name":"nioEventLoopGroup-3-4","level":"INFO","level_value":20000}
{"@timestamp":"2026-07-06T19:28:23.760124-05:00","@version":"1","message":"Cliente conectado userId=1 sessionId=dd531708-e5f3-407c-930a-406c7fed0f6f","logger_name":"com.arsw.bomberman.sockets.SocketGateway","thread_name":"nioEventLoopGroup-3-5","level":"INFO","level_value":20000}
{"@timestamp":"2026-07-06T19:28:23.8091507-05:00","@version":"1","message":"Cliente desconectado userId=1 sessionId=e1b8322a-29c7-45c9-bd82-98fcbb4cd292","logger_name":"com.arsw.bomberman.sockets.SocketGateway","thread_name":"nioEventLoopGroup-3-4","level":"INFO","level_value":20000}
{"@timestamp":"2026-07-06T19:28:40.9068996-05:00","@version":"1","message":"Cliente desconectado userId=1 sessionId=0af4ab9e-a748-42d5-b90e-43f80c642b87","logger_name":"com.arsw.bomberman.sockets.SocketGateway","thread_name":"nioEventLoopGroup-3-3","level":"INFO","level_value":20000}
{"@timestamp":"2026-07-06T19:28:41.1537596-05:00","@version":"1","message":"Cliente conectado userId=1 sessionId=84ec27e8-40fe-4d95-8d5e-0153df2979c1","logger_name":"com.arsw.bomberman.sockets.SocketGateway","thread_name":"nioEventLoopGroup-3-6","level":"INFO","level_value":20000}
{"@timestamp":"2026-07-06T19:28:41.1537596-05:00","@version":"1","message":"Cliente conectado userId=1 sessionId=1e62c3ed-878c-4485-83f3-41a39a31b061","logger_name":"com.arsw.bomberman.sockets.SocketGateway","thread_name":"nioEventLoopGroup-3-7","level":"INFO","level_value":20000}
{"@timestamp":"2026-07-06T19:28:41.155152-05:00","@version":"1","message":"Cliente desconectado userId=1 sessionId=84ec27e8-40fe-4d95-8d5e-0153df2979c1","logger_name":"com.arsw.bomberman.sockets.SocketGateway","thread_name":"nioEventLoopGroup-3-6","level":"INFO","level_value":20000}
{"@timestamp":"2026-07-06T19:28:43.4182114-05:00","@version":"1","message":"Cliente desconectado userId=1 sessionId=1e62c3ed-878c-4485-83f3-41a39a31b061","logger_name":"com.arsw.bomberman.sockets.SocketGateway","thread_name":"nioEventLoopGroup-3-7","level":"INFO","level_value":20000}
{"@timestamp":"2026-07-06T19:28:48.4069253-05:00","@version":"1","message":"Sala creada roomId=room_1783384128370_951 name=Sala1 capacitiy=4 createdBy=1","logger_name":"domain-events","thread_name":"nioEventLoopGroup-3-5","level":"INFO","level_value":20000}
{"@timestamp":"2026-07-06T19:28:55.4741725-05:00","@version":"1","message":"Jugador unido a sala roomId=room_1783384128370_951 userId=1 username=JuanesP players=1","logger_name":"domain-events","thread_name":"nioEventLoopGroup-3-5","level":"INFO","level_value":20000}
{"@timestamp":"2026-07-06T19:28:55.5091031-05:00","@version":"1","message":"game:start emitido roomId=room_1783384128370_951","logger_name":"com.arsw.bomberman.sockets.SocketGateway","thread_name":"nioEventLoopGroup-3-5","level":"INFO","level_value":20000}
{"@timestamp":"2026-07-06T19:28:55.6124907-05:00","@version":"1","message":"Cliente desconectado userId=1 sessionId=dd531708-e5f3-407c-930a-406c7fed0f6f","logger_name":"com.arsw.bomberman.sockets.SocketGateway","thread_name":"nioEventLoopGroup-3-5","level":"INFO","level_value":20000}
{"@timestamp":"2026-07-06T19:28:55.7378974-05:00","@version":"1","message":"Cliente conectado userId=1 sessionId=47b5d5d7-f82c-45c4-b87a-86a8917f2f71","logger_name":"com.arsw.bomberman.sockets.SocketGateway","thread_name":"nioEventLoopGroup-3-9","level":"INFO","level_value":20000}
{"@timestamp":"2026-07-06T19:28:55.7378974-05:00","@version":"1","message":"Cliente conectado userId=1 sessionId=e8e06850-cbea-4d1d-a094-f59f067ae711","logger_name":"com.arsw.bomberman.sockets.SocketGateway","thread_name":"nioEventLoopGroup-3-8","level":"INFO","level_value":20000}
{"@timestamp":"2026-07-06T19:28:55.7390144-05:00","@version":"1","message":"Cliente desconectado userId=1 sessionId=e8e06850-cbea-4d1d-a094-f59f067ae711","logger_name":"com.arsw.bomberman.sockets.SocketGateway","thread_name":"nioEventLoopGroup-3-8","level":"INFO","level_value":20000}
